nohup: ignoring input
/home/user/trj/LeaFTL_nogc/wiscsee/leaftl_scripts/pypy2.7-v7.3.9-linux64/site-packages/bidict/compat.py:33: UserWarning: Python 2 support will be dropped in a future release.
  warn('Python 2 support will be dropped in a future release.')
Traceback (most recent call last):
  File "/home/user/trj/LeaFTL_nogc/wiscsee/wiscsim/learnedftl.py", line 421, in write_ext
    mappings, pages_to_read, pages_to_write = self.metadata.update(exts)
  File "/home/user/trj/LeaFTL_nogc/wiscsee/wiscsim/learnedftl.py", line 926, in update
    submap, subpages_to_read, subpages_to_write = self.update_block(extents[i:i+self.conf.n_pages_per_block])
  File "/home/user/trj/LeaFTL_nogc/wiscsee/wiscsim/learnedftl.py", line 945, in update_block
    next_free_block = self.bvc.next_free_block()
  File "/home/user/trj/LeaFTL_nogc/wiscsee/wiscsim/learnedftl.py", line 738, in next_free_block
    free_block = self.free_block_list.pop(0)
IndexError: pop from empty list

The above exception was the direct cause of the following exception:

Traceback (most recent call last):
  File "/home/user/trj/LeaFTL_nogc/wiscsee/wiscsim/ssdframework.py", line 249, in _process
    yield self.env.process(self.ftl.write_ext(host_event.get_lpn_extent(self.conf)))
IndexError: pop from empty list

The above exception was the direct cause of the following exception:

Traceback (most recent call last):
  File "/home/user/trj/LeaFTL_nogc/wiscsee/wiscsim/ssdframework.py", line 408, in run
    yield simpy.events.AllOf(self.env, procs)
IndexError: pop from empty list

The above exception was the direct cause of the following exception:

Traceback (most recent call last):
  File "../run_ftl", line 157, in <module>
    experiment.run()
  File "../run_ftl", line 112, in run
    eval(self.func)
  File "<string>", line 1, in <module>
  File "../run_ftl", line 120, in run_learnedftl
    sim = wf.run_simulator(self.events)
  File "/home/user/trj/LeaFTL_nogc/wiscsee/workflow.py", line 28, in run_simulator
    return self._run_simulator(event_iter)
  File "/home/user/trj/LeaFTL_nogc/wiscsee/workflow.py", line 66, in _run_simulator
    simulator.run()
  File "/home/user/trj/LeaFTL_nogc/wiscsee/wiscsim/simulator.py", line 74, in run
    self.env.run()
  File "/home/user/trj/LeaFTL_nogc/wiscsee/leaftl_scripts/pypy2.7-v7.3.9-linux64/site-packages/simpy/core.py", line 138, in run
    self.step()
  File "/home/user/trj/LeaFTL_nogc/wiscsee/leaftl_scripts/pypy2.7-v7.3.9-linux64/site-packages/simpy/core.py", line 230, in step
    raise exc
IndexError: pop from empty list
